[debug] [2024-06-08T17:49:16.798Z] ----------------------------------------------------------------------
[debug] [2024-06-08T17:49:16.800Z] Command:       C:\Program Files\nodejs\node.exe C:\Users\Setup\AppData\Roaming\npm\node_modules\firebase-tools\lib\bin\firebase.js init
[debug] [2024-06-08T17:49:16.800Z] CLI Version:   13.11.2
[debug] [2024-06-08T17:49:16.800Z] Platform:      win32
[debug] [2024-06-08T17:49:16.801Z] Node Version:  v21.5.0
[debug] [2024-06-08T17:49:16.801Z] Time:          Sat Jun 08 2024 23:19:16 GMT+0530 (India Standard Time)
[debug] [2024-06-08T17:49:16.801Z] ----------------------------------------------------------------------
[debug] 
[debug] [2024-06-08T17:49:16.856Z] > command requires scopes: ["email","openid","https://www.googleapis.com/auth/cloudplatformprojects.readonly","https://www.googleapis.com/auth/firebase","https://www.googleapis.com/auth/cloud-platform"]
[debug] [2024-06-08T17:49:16.857Z] > authorizing via signed-in user (nithyavarshini23@gmail.com)
[info] 
     ######## #### ########  ######## ########     ###     ######  ########
     ##        ##  ##     ## ##       ##     ##  ##   ##  ##       ##
     ######    ##  ########  ######   ########  #########  ######  ######
     ##        ##  ##    ##  ##       ##     ## ##     ##       ## ##
     ##       #### ##     ## ######## ########  ##     ##  ######  ########

You're about to initialize a Firebase project in this directory:

  C:\Users\Public\react\task-manager

Before we get started, keep in mind:

  * You are currently outside your home directory
  * You are initializing within an existing Firebase project directory

